# JRE version: OpenJDK Runtime Environment (8.0_112) (build 1.8.0_112-release-736)
# Java VM: OpenJDK 64-Bit Server VM (25.112-b736 mixed mode windows-amd64 compressed oops)
Heap:
 PSYoungGen      total 483328K, used 459243K [0x00000000e0000000, 0x00000000ffb00000, 0x0000000100000000)
  eden space 448512K, 99% used [0x00000000e0000000,0x00000000fb5c3b88,0x00000000fb600000)
  from space 34816K, 31% used [0x00000000fd900000,0x00000000fe3b7168,0x00000000ffb00000)
  to   space 35328K, 0% used [0x00000000fb600000,0x00000000fb650000,0x00000000fd880000)
 ParOldGen       total 211456K, used 94008K [0x00000000a0000000, 0x00000000ace80000, 0x00000000e0000000)
  object space 211456K, 44% used [0x00000000a0000000,0x00000000a5bce058,0x00000000ace80000)
 Metaspace       used 70223K, capacity 72732K, committed 74200K, reserved 1114112K
  class space    used 8753K, capacity 9212K, committed 9432K, reserved 1048576K
GC Heap History (10 events):
Event: 11045.917 GC heap before
{Heap before GC invocations=22 (full 4):
 PSYoungGen      total 475648K, used 438417K [0x00000000e0000000, 0x0000000100000000, 0x0000000100000000)
  eden space 433664K, 99% used [0x00000000e0000000,0x00000000fa6d1dd8,0x00000000fa780000)
  from space 41984K, 12% used [0x00000000fa780000,0x00000000facd2980,0x00000000fd080000)
  to   space 41472K, 0% used [0x00000000fd780000,0x00000000fd780000,0x0000000100000000)
 ParOldGen       total 211456K, used 67514K [0x00000000a0000000, 0x00000000ace80000, 0x00000000e0000000)
  object space 211456K, 31% used [0x00000000a0000000,0x00000000a41ee878,0x00000000ace80000)
 Metaspace       used 70188K, capacity 72732K, committed 74200K, reserved 1114112K
  class space    used 8752K, capacity 9212K, committed 9432K, reserved 1048576K
Event: 11045.933 GC heap after
Heap after GC invocations=22 (full 4):
 PSYoungGen      total 481792K, used 3673K [0x00000000e0000000, 0x00000000fff80000, 0x0000000100000000)
  eden space 440832K, 0% used [0x00000000e0000000,0x00000000e0000000,0x00000000fae80000)
  from space 40960K, 8% used [0x00000000fd780000,0x00000000fdb16700,0x00000000fff80000)
  to   space 41472K, 0% used [0x00000000fae80000,0x00000000fae80000,0x00000000fd700000)
 ParOldGen       total 211456K, used 69777K [0x00000000a0000000, 0x00000000ace80000, 0x00000000e0000000)
  object space 211456K, 32% used [0x00000000a0000000,0x00000000a4424560,0x00000000ace80000)
 Metaspace       used 70188K, capacity 72732K, committed 74200K, reserved 1114112K
  class space    used 8752K, capacity 9212K, committed 9432K, reserved 1048576K
}
Event: 11048.339 GC heap before
{Heap before GC invocations=23 (full 4):
 PSYoungGen      total 481792K, used 444436K [0x00000000e0000000, 0x00000000fff80000, 0x0000000100000000)
  eden space 440832K, 99% used [0x00000000e0000000,0x00000000fae6ec28,0x00000000fae80000)
  from space 40960K, 8% used [0x00000000fd780000,0x00000000fdb16700,0x00000000fff80000)
  to   space 41472K, 0% used [0x00000000fae80000,0x00000000fae80000,0x00000000fd700000)
 ParOldGen       total 211456K, used 69777K [0x00000000a0000000, 0x00000000ace80000, 0x00000000e0000000)
  object space 211456K, 32% used [0x00000000a0000000,0x00000000a4424560,0x00000000ace80000)
 Metaspace       used 70201K, capacity 72732K, committed 74200K, reserved 1114112K
  class space    used 8752K, capacity 9212K, committed 9432K, reserved 1048576K
Event: 11048.365 GC heap after
Heap after GC invocations=23 (full 4):
 PSYoungGen      total 455680K, used 14454K [0x00000000e0000000, 0x00000000ffb80000, 0x0000000100000000)
  eden space 440832K, 0% used [0x00000000e0000000,0x00000000e0000000,0x00000000fae80000)
  from space 14848K, 97% used [0x00000000fae80000,0x00000000fbc9d838,0x00000000fbd00000)
  to   space 38912K, 0% used [0x00000000fd580000,0x00000000fd580000,0x00000000ffb80000)
 ParOldGen       total 211456K, used 72326K [0x00000000a0000000, 0x00000000ace80000, 0x00000000e0000000)
  object space 211456K, 34% used [0x00000000a0000000,0x00000000a46a1b30,0x00000000ace80000)
 Metaspace       used 70201K, capacity 72732K, committed 74200K, reserved 1114112K
  class space    used 8752K, capacity 9212K, committed 9432K, reserved 1048576K
}
Event: 11049.814 GC heap before
{Heap before GC invocations=24 (full 4):
 PSYoungGen      total 455680K, used 455082K [0x00000000e0000000, 0x00000000ffb80000, 0x0000000100000000)
  eden space 440832K, 99% used [0x00000000e0000000,0x00000000fae4d260,0x00000000fae80000)
  from space 14848K, 97% used [0x00000000fae80000,0x00000000fbc9d838,0x00000000fbd00000)
  to   space 38912K, 0% used [0x00000000fd580000,0x00000000fd580000,0x00000000ffb80000)
 ParOldGen       total 211456K, used 72326K [0x00000000a0000000, 0x00000000ace80000, 0x00000000e0000000)
  object space 211456K, 34% used [0x00000000a0000000,0x00000000a46a1b30,0x00000000ace80000)
 Metaspace       used 70207K, capacity 72732K, committed 74200K, reserved 1114112K
  class space    used 8753K, capacity 9212K, committed 9432K, reserved 1048576K
Event: 11049.846 GC heap after
Heap after GC invocations=24 (full 4):
 PSYoungGen      total 481280K, used 5101K [0x00000000e0000000, 0x0000000100000000, 0x0000000100000000)
  eden space 442368K, 0% used [0x00000000e0000000,0x00000000e0000000,0x00000000fb000000)
  from space 38912K, 13% used [0x00000000fd580000,0x00000000fda7b778,0x00000000ffb80000)
  to   space 38400K, 0% used [0x00000000fb000000,0x00000000fb000000,0x00000000fd580000)
 ParOldGen       total 211456K, used 85087K [0x00000000a0000000, 0x00000000ace80000, 0x00000000e0000000)
  object space 211456K, 40% used [0x00000000a0000000,0x00000000a5317f08,0x00000000ace80000)
 Metaspace       used 70207K, capacity 72732K, committed 74200K, reserved 1114112K
  class space    used 8753K, capacity 9212K, committed 9432K, reserved 1048576K
}
Event: 11050.839 GC heap before
{Heap before GC invocations=25 (full 4):
 PSYoungGen      total 481280K, used 447469K [0x00000000e0000000, 0x0000000100000000, 0x0000000100000000)
  eden space 442368K, 100% used [0x00000000e0000000,0x00000000fb000000,0x00000000fb000000)
  from space 38912K, 13% used [0x00000000fd580000,0x00000000fda7b778,0x00000000ffb80000)
  to   space 38400K, 0% used [0x00000000fb000000,0x00000000fb000000,0x00000000fd580000)
 ParOldGen       total 211456K, used 85087K [0x00000000a0000000, 0x00000000ace80000, 0x00000000e0000000)
  object space 211456K, 40% used [0x00000000a0000000,0x00000000a5317f08,0x00000000ace80000)
 Metaspace       used 70216K, capacity 72732K, committed 74200K, reserved 1114112K
  class space    used 8753K, capacity 9212K, committed 9432K, reserved 1048576K
Event: 11050.885 GC heap after
Heap after GC invocations=25 (full 4):
 PSYoungGen      total 480768K, used 5573K [0x00000000e0000000, 0x00000000ffd80000, 0x0000000100000000)
  eden space 442368K, 0% used [0x00000000e0000000,0x00000000e0000000,0x00000000fb000000)
  from space 38400K, 14% used [0x00000000fb000000,0x00000000fb5716c0,0x00000000fd580000)
  to   space 37376K, 0% used [0x00000000fd900000,0x00000000fd900000,0x00000000ffd80000)
 ParOldGen       total 211456K, used 88034K [0x00000000a0000000, 0x00000000ace80000, 0x00000000e0000000)
  object space 211456K, 41% used [0x00000000a0000000,0x00000000a55f88e0,0x00000000ace80000)
 Metaspace       used 70216K, capacity 72732K, committed 74200K, reserved 1114112K
  class space    used 8753K, capacity 9212K, committed 9432K, reserved 1048576K
}
Event: 11052.481 GC heap before
{Heap before GC invocations=26 (full 4):
 PSYoungGen      total 480768K, used 447941K [0x00000000e0000000, 0x00000000ffd80000, 0x0000000100000000)
  eden space 442368K, 100% used [0x00000000e0000000,0x00000000fb000000,0x00000000fb000000)
  from space 38400K, 14% used [0x00000000fb000000,0x00000000fb5716c0,0x00000000fd580000)
  to   space 37376K, 0% used [0x00000000fd900000,0x00000000fd900000,0x00000000ffd80000)
 ParOldGen       total 211456K, used 88034K [0x00000000a0000000, 0x00000000ace80000, 0x00000000e0000000)
  object space 211456K, 41% used [0x00000000a0000000,0x00000000a55f88e0,0x00000000ace80000)
 Metaspace       used 70219K, capacity 72732K, committed 74200K, reserved 1114112K
  class space    used 8753K, capacity 9212K, committed 9432K, reserved 1048576K
Event: 11052.519 GC heap after
Heap after GC invocations=26 (full 4):
 PSYoungGen      total 483328K, used 10972K [0x00000000e0000000, 0x00000000ffb00000, 0x0000000100000000)
  eden space 448512K, 0% used [0x00000000e0000000,0x00000000e0000000,0x00000000fb600000)
  from space 34816K, 31% used [0x00000000fd900000,0x00000000fe3b7168,0x00000000ffb00000)
  to   space 35328K, 0% used [0x00000000fb600000,0x00000000fb600000,0x00000000fd880000)
 ParOldGen       total 211456K, used 92892K [0x00000000a0000000, 0x00000000ace80000, 0x00000000e0000000)
  object space 211456K, 43% used [0x00000000a0000000,0x00000000a5ab7190,0x00000000ace80000)
 Metaspace       used 70219K, capacity 72732K, committed 74200K, reserved 1114112K
  class space    used 8753K, capacity 9212K, committed 9432K, reserved 1048576K
}

