# JRE version: OpenJDK Runtime Environment (8.0_112) (build 1.8.0_112-release-736)
# Java VM: OpenJDK 64-Bit Server VM (25.112-b736 mixed mode windows-amd64 compressed oops)
Heap:
 PSYoungGen      total 454144K, used 216733K [0x00000000e0000000, 0x0000000100000000, 0x0000000100000000)
  eden space 392192K, 43% used [0x00000000e0000000,0x00000000ea62c120,0x00000000f7f00000)
  from space 61952K, 75% used [0x00000000fc380000,0x00000000ff0fb4e8,0x0000000100000000)
  to   space 66048K, 0% used [0x00000000f7f00000,0x00000000f7f00000,0x00000000fbf80000)
 ParOldGen       total 245248K, used 93866K [0x00000000a0000000, 0x00000000aef80000, 0x00000000e0000000)
  object space 245248K, 38% used [0x00000000a0000000,0x00000000a5baaa00,0x00000000aef80000)
 Metaspace       used 63884K, capacity 66414K, committed 66560K, reserved 1107968K
  class space    used 8195K, capacity 8681K, committed 8704K, reserved 1048576K
GC Heap History (10 events):
Event: 32.438 GC heap before
{Heap before GC invocations=15 (full 3):
 PSYoungGen      total 294400K, used 274060K [0x00000000e0000000, 0x00000000f9f00000, 0x0000000100000000)
  eden space 238080K, 99% used [0x00000000e0000000,0x00000000ee83a550,0x00000000ee880000)
  from space 56320K, 64% used [0x00000000ee880000,0x00000000f0be8e20,0x00000000f1f80000)
  to   space 57856K, 0% used [0x00000000f6680000,0x00000000f6680000,0x00000000f9f00000)
 ParOldGen       total 245248K, used 93834K [0x00000000a0000000, 0x00000000aef80000, 0x00000000e0000000)
  object space 245248K, 38% used [0x00000000a0000000,0x00000000a5ba2a00,0x00000000aef80000)
 Metaspace       used 58395K, capacity 60402K, committed 60672K, reserved 1101824K
  class space    used 7670K, capacity 8109K, committed 8192K, reserved 1048576K
Event: 32.466 GC heap after
Heap after GC invocations=15 (full 3):
 PSYoungGen      total 361472K, used 43263K [0x00000000e0000000, 0x00000000fa180000, 0x0000000100000000)
  eden space 303616K, 0% used [0x00000000e0000000,0x00000000e0000000,0x00000000f2880000)
  from space 57856K, 74% used [0x00000000f6680000,0x00000000f90bfde0,0x00000000f9f00000)
  to   space 61952K, 0% used [0x00000000f2880000,0x00000000f2880000,0x00000000f6500000)
 ParOldGen       total 245248K, used 93842K [0x00000000a0000000, 0x00000000aef80000, 0x00000000e0000000)
  object space 245248K, 38% used [0x00000000a0000000,0x00000000a5ba4a00,0x00000000aef80000)
 Metaspace       used 58395K, capacity 60402K, committed 60672K, reserved 1101824K
  class space    used 7670K, capacity 8109K, committed 8192K, reserved 1048576K
}
Event: 142.316 GC heap before
{Heap before GC invocations=16 (full 3):
 PSYoungGen      total 361472K, used 346879K [0x00000000e0000000, 0x00000000fa180000, 0x0000000100000000)
  eden space 303616K, 100% used [0x00000000e0000000,0x00000000f2880000,0x00000000f2880000)
  from space 57856K, 74% used [0x00000000f6680000,0x00000000f90bfde0,0x00000000f9f00000)
  to   space 61952K, 0% used [0x00000000f2880000,0x00000000f2880000,0x00000000f6500000)
 ParOldGen       total 245248K, used 93842K [0x00000000a0000000, 0x00000000aef80000, 0x00000000e0000000)
  object space 245248K, 38% used [0x00000000a0000000,0x00000000a5ba4a00,0x00000000aef80000)
 Metaspace       used 63200K, capacity 65572K, committed 65792K, reserved 1105920K
  class space    used 8175K, capacity 8662K, committed 8704K, reserved 1048576K
Event: 142.347 GC heap after
Heap after GC invocations=16 (full 3):
 PSYoungGen      total 365568K, used 18560K [0x00000000e0000000, 0x00000000fe200000, 0x0000000100000000)
  eden space 303616K, 0% used [0x00000000e0000000,0x00000000e0000000,0x00000000f2880000)
  from space 61952K, 29% used [0x00000000f2880000,0x00000000f3aa0090,0x00000000f6500000)
  to   space 59392K, 0% used [0x00000000fa800000,0x00000000fa800000,0x00000000fe200000)
 ParOldGen       total 245248K, used 93850K [0x00000000a0000000, 0x00000000aef80000, 0x00000000e0000000)
  object space 245248K, 38% used [0x00000000a0000000,0x00000000a5ba6a00,0x00000000aef80000)
 Metaspace       used 63200K, capacity 65572K, committed 65792K, reserved 1105920K
  class space    used 8175K, capacity 8662K, committed 8704K, reserved 1048576K
}
Event: 152.652 GC heap before
{Heap before GC invocations=17 (full 3):
 PSYoungGen      total 365568K, used 322176K [0x00000000e0000000, 0x00000000fe200000, 0x0000000100000000)
  eden space 303616K, 100% used [0x00000000e0000000,0x00000000f2880000,0x00000000f2880000)
  from space 61952K, 29% used [0x00000000f2880000,0x00000000f3aa0090,0x00000000f6500000)
  to   space 59392K, 0% used [0x00000000fa800000,0x00000000fa800000,0x00000000fe200000)
 ParOldGen       total 245248K, used 93850K [0x00000000a0000000, 0x00000000aef80000, 0x00000000e0000000)
  object space 245248K, 38% used [0x00000000a0000000,0x00000000a5ba6a00,0x00000000aef80000)
 Metaspace       used 63637K, capacity 66072K, committed 66304K, reserved 1107968K
  class space    used 8191K, capacity 8680K, committed 8704K, reserved 1048576K
Event: 152.700 GC heap after
Heap after GC invocations=17 (full 3):
 PSYoungGen      total 421888K, used 35585K [0x00000000e0000000, 0x00000000fdc80000, 0x0000000100000000)
  eden space 368128K, 0% used [0x00000000e0000000,0x00000000e0000000,0x00000000f6780000)
  from space 53760K, 66% used [0x00000000fa800000,0x00000000fcac05b0,0x00000000fdc80000)
  to   space 59904K, 0% used [0x00000000f6780000,0x00000000f6780000,0x00000000fa200000)
 ParOldGen       total 245248K, used 93858K [0x00000000a0000000, 0x00000000aef80000, 0x00000000e0000000)
  object space 245248K, 38% used [0x00000000a0000000,0x00000000a5ba8a00,0x00000000aef80000)
 Metaspace       used 63637K, capacity 66072K, committed 66304K, reserved 1107968K
  class space    used 8191K, capacity 8680K, committed 8704K, reserved 1048576K
}
Event: 155.290 GC heap before
{Heap before GC invocations=18 (full 3):
 PSYoungGen      total 421888K, used 403713K [0x00000000e0000000, 0x00000000fdc80000, 0x0000000100000000)
  eden space 368128K, 100% used [0x00000000e0000000,0x00000000f6780000,0x00000000f6780000)
  from space 53760K, 66% used [0x00000000fa800000,0x00000000fcac05b0,0x00000000fdc80000)
  to   space 59904K, 0% used [0x00000000f6780000,0x00000000f6780000,0x00000000fa200000)
 ParOldGen       total 245248K, used 93858K [0x00000000a0000000, 0x00000000aef80000, 0x00000000e0000000)
  object space 245248K, 38% used [0x00000000a0000000,0x00000000a5ba8a00,0x00000000aef80000)
 Metaspace       used 63760K, capacity 66206K, committed 66304K, reserved 1107968K
  class space    used 8194K, capacity 8681K, committed 8704K, reserved 1048576K
Event: 155.340 GC heap after
Heap after GC invocations=18 (full 3):
 PSYoungGen      total 428032K, used 40580K [0x00000000e0000000, 0x0000000100000000, 0x0000000100000000)
  eden space 368128K, 0% used [0x00000000e0000000,0x00000000e0000000,0x00000000f6780000)
  from space 59904K, 67% used [0x00000000f6780000,0x00000000f8f21028,0x00000000fa200000)
  to   space 61952K, 0% used [0x00000000fc380000,0x00000000fc380000,0x0000000100000000)
 ParOldGen       total 245248K, used 93866K [0x00000000a0000000, 0x00000000aef80000, 0x00000000e0000000)
  object space 245248K, 38% used [0x00000000a0000000,0x00000000a5baaa00,0x00000000aef80000)
 Metaspace       used 63760K, capacity 66206K, committed 66304K, reserved 1107968K
  class space    used 8194K, capacity 8681K, committed 8704K, reserved 1048576K
}
Event: 157.311 GC heap before
{Heap before GC invocations=19 (full 3):
 PSYoungGen      total 428032K, used 408708K [0x00000000e0000000, 0x0000000100000000, 0x0000000100000000)
  eden space 368128K, 100% used [0x00000000e0000000,0x00000000f6780000,0x00000000f6780000)
  from space 59904K, 67% used [0x00000000f6780000,0x00000000f8f21028,0x00000000fa200000)
  to   space 61952K, 0% used [0x00000000fc380000,0x00000000fc380000,0x0000000100000000)
 ParOldGen       total 245248K, used 93866K [0x00000000a0000000, 0x00000000aef80000, 0x00000000e0000000)
  object space 245248K, 38% used [0x00000000a0000000,0x00000000a5baaa00,0x00000000aef80000)
 Metaspace       used 63780K, capacity 66206K, committed 66304K, reserved 1107968K
  class space    used 8194K, capacity 8681K, committed 8704K, reserved 1048576K
Event: 157.385 GC heap after
Heap after GC invocations=19 (full 3):
 PSYoungGen      total 454144K, used 46573K [0x00000000e0000000, 0x0000000100000000, 0x0000000100000000)
  eden space 392192K, 0% used [0x00000000e0000000,0x00000000e0000000,0x00000000f7f00000)
  from space 61952K, 75% used [0x00000000fc380000,0x00000000ff0fb4e8,0x0000000100000000)
  to   space 66048K, 0% used [0x00000000f7f00000,0x00000000f7f00000,0x00000000fbf80000)
 ParOldGen       total 245248K, used 93866K [0x00000000a0000000, 0x00000000aef80000, 0x00000000e0000000)
  object space 245248K, 38% used [0x00000000a0000000,0x00000000a5baaa00,0x00000000aef80000)
 Metaspace       used 63780K, capacity 66206K, committed 66304K, reserved 1107968K
  class space    used 8194K, capacity 8681K, committed 8704K, reserved 1048576K
}

